<?xml version="1.0" encoding="UTF-8"?>
<!-- Generated by org.testng.reporters.JUnitReportReporter -->
<testsuite skipped="0" hostname="LAPTOP-PTI6DNB4" name="com.vTiger.CreateOrganizationTest.CreateOrganization_Assign_MemberOfTest" tests="1" failures="0" timestamp="19 Nov 2019 16:37:53 GMT" time="36.781" errors="0">
  <testcase name="assignMember" time="36.781" classname="com.vTiger.CreateOrganizationTest.CreateOrganization_Assign_MemberOfTest"/>
</testsuite> <!-- com.vTiger.CreateOrganizationTest.CreateOrganization_Assign_MemberOfTest -->
