<?xml version="1.0" encoding="UTF-8"?>
<!-- Generated by org.testng.reporters.JUnitReportReporter -->
<testsuite skipped="0" hostname="LAPTOP-PTI6DNB4" name="com.vTiger.CreateOrganizationTest.CreateOrganizationAssignToGroupTest" tests="1" failures="0" timestamp="19 Nov 2019 16:37:53 GMT" time="33.483" errors="0">
  <testcase name="assignTOGroupTest" time="33.483" classname="com.vTiger.CreateOrganizationTest.CreateOrganizationAssignToGroupTest"/>
</testsuite> <!-- com.vTiger.CreateOrganizationTest.CreateOrganizationAssignToGroupTest -->
