<?xml version="1.0" encoding="UTF-8"?>
<!-- Generated by org.testng.reporters.JUnitReportReporter -->
<testsuite skipped="0" hostname="LAPTOP-PTI6DNB4" name="com.vTiger.CreateOrganizationTest.CreateOrganization_Assign_IndustryTest" tests="1" failures="0" timestamp="19 Nov 2019 16:37:53 GMT" time="30.086" errors="0">
  <testcase name="assignIndustryTest" time="30.086" classname="com.vTiger.CreateOrganizationTest.CreateOrganization_Assign_IndustryTest"/>
</testsuite> <!-- com.vTiger.CreateOrganizationTest.CreateOrganization_Assign_IndustryTest -->
